d:\github\luasrc\release\lualib.pdb
d:\github\luasrc\lualib\release\lopcodes.obj
d:\github\luasrc\lualib\release\lobject.obj
d:\github\luasrc\lualib\release\loadlib.obj
d:\github\luasrc\lualib\release\lmem.obj
d:\github\luasrc\lualib\release\lmathlib.obj
d:\github\luasrc\lualib\release\llex.obj
d:\github\luasrc\lualib\release\liolib.obj
d:\github\luasrc\lualib\release\linit.obj
d:\github\luasrc\lualib\release\lgc.obj
d:\github\luasrc\lualib\release\lfunc.obj
d:\github\luasrc\lualib\release\ldump.obj
d:\github\luasrc\lualib\release\ldo.obj
d:\github\luasrc\lualib\release\ldebug.obj
d:\github\luasrc\lualib\release\ldblib.obj
d:\github\luasrc\lualib\release\lctype.obj
d:\github\luasrc\lualib\release\lcorolib.obj
d:\github\luasrc\lualib\release\lcode.obj
d:\github\luasrc\lualib\release\lbaselib.obj
d:\github\luasrc\lualib\release\lauxlib.obj
d:\github\luasrc\lualib\release\lapi.obj
d:\github\luasrc\lualib\release\lzio.obj
d:\github\luasrc\lualib\release\lvm.obj
d:\github\luasrc\lualib\release\lutf8lib.obj
d:\github\luasrc\lualib\release\lundump.obj
d:\github\luasrc\lualib\release\ltm.obj
d:\github\luasrc\lualib\release\ltablib.obj
d:\github\luasrc\lualib\release\ltable.obj
d:\github\luasrc\lualib\release\lstrlib.obj
d:\github\luasrc\lualib\release\lstring.obj
d:\github\luasrc\lualib\release\lstate.obj
d:\github\luasrc\lualib\release\lparser.obj
d:\github\luasrc\lualib\release\loslib.obj
d:\github\luasrc\release\lualib.lib
d:\github\luasrc\lualib\release\lualib.tlog\cl.command.1.tlog
d:\github\luasrc\lualib\release\lualib.tlog\cl.read.1.tlog
d:\github\luasrc\lualib\release\lualib.tlog\cl.write.1.tlog
d:\github\luasrc\lualib\release\lualib.tlog\lib-link.read.1.tlog
d:\github\luasrc\lualib\release\lualib.tlog\lib-link.write.1.tlog
d:\github\luasrc\lualib\release\lualib.tlog\lib.command.1.tlog
